<?xml version="1.0" encoding="UTF-8"?>
<!-- Generated by org.testng.reporters.JUnitReportReporter -->
<testsuite hostname="Ishans-Air" failures="0" tests="1" name="GreenKartTestCases.selectVegetables" time="9.579" errors="0" timestamp="2021-07-27T16:35:53 BST" skipped="0">
  <testcase classname="GreenKartTestCases.selectVegetables" name="addVegetables" time="9.579"/>
  <system-out/>
</testsuite> <!-- GreenKartTestCases.selectVegetables -->
